#
# There is insufficient memory for the Java Runtime Environment to continue.
# Native memory allocation (malloc) failed to allocate 1048576 bytes for AllocateHeap
# Possible reasons:
#   The system is out of physical RAM or swap space
#   The process is running with CompressedOops enabled, and the Java Heap may be blocking the growth of the native heap
# Possible solutions:
#   Reduce memory load on the system
#   Increase physical memory or swap space
#   Check if swap backing store is full
#   Decrease Java heap size (-Xmx/-Xms)
#   Decrease number of Java threads
#   Decrease Java thread stack sizes (-Xss)
#   Set larger code cache with -XX:ReservedCodeCacheSize=
# This output file may be truncated or incomplete.
#
#  Out of Memory Error (./src/hotspot/share/memory/allocation.cpp:46), pid=7772, tid=6432
#
# JRE version:  (11.0.8+10) (build )
# Java VM: OpenJDK 64-Bit Server VM (11.0.8+10, mixed mode, sharing, tiered, compressed oops, g1 gc, windows-amd64)
# No core dump will be written. Minidumps are not enabled by default on client versions of Windows
#

---------------  S U M M A R Y ------------

Command Line: -Dfile.encoding=Cp1252 Game.GameMain

Host: AMD Athlon(tm) II X4 640 Processor, 4 cores, 7G,  Windows 10 , 64 bit Build 19041 (10.0.19041.292)
Time: Sat Oct 10 18:37:49 2020 Mitteleuropäische Sommerzeit elapsed time: 0 seconds (0d 0h 0m 0s)

---------------  T H R E A D  ---------------

Current thread (0x000001e71cbbe000):  JavaThread "Unknown thread" [_thread_in_vm, id=6432, stack(0x0000006326600000,0x0000006326700000)]

Stack: [0x0000006326600000,0x0000006326700000]
Native frames: (J=compiled Java code, j=interpreted, Vv=VM code, C=native code)
V  [jvm.dll+0x5dfa5a]
V  [jvm.dll+0x7175ce]
V  [jvm.dll+0x718c9f]
V  [jvm.dll+0x719363]
V  [jvm.dll+0x240e48]
V  [jvm.dll+0xb0c14]
V  [jvm.dll+0x2daa9d]
V  [jvm.dll+0x2d49e9]
V  [jvm.dll+0x6f32c7]
V  [jvm.dll+0x6f4a4f]
V  [jvm.dll+0x34bdf9]
V  [jvm.dll+0x6d66d0]
V  [jvm.dll+0x3b32ef]
V  [jvm.dll+0x3b55a1]
C  [jli.dll+0x520b]
C  [ucrtbase.dll+0x214c2]
C  [KERNEL32.DLL+0x16fd4]
C  [ntdll.dll+0x4cec1]


---------------  P R O C E S S  ---------------

Threads class SMR info:
_java_thread_list=0x000001e71ca52430, length=0, elements={
}

Java Threads: ( => current thread )

Other Threads:
  0x000001e71cbd7000 GCTaskThread "GC Thread#0" [stack: 0x0000006326700000,0x0000006326800000] [id=7008]

[error occurred during error reporting (printing all threads), id 0xc0000005, EXCEPTION_ACCESS_VIOLATION (0xc0000005) at pc=0x00007fff5ac10070]

VM state:not at safepoint (not fully initialized)

VM Mutex/Monitor currently owned by a thread:  ([mutex/lock_event])
[0x000001e71cbb9d90] Heap_lock - owner thread: 0x000001e71cbbe000

Heap address: 0x0000000080000000, size: 2048 MB, Compressed Oops mode: Non-zero based: 0x0000000080000000
Narrow klass base: 0x0000000000000000, Narrow klass shift: 0

GC Heap History (0 events):
No events

Deoptimization events (0 events):
No events

Classes redefined (0 events):
No events

Internal exceptions (0 events):
No events

Events (1 events):
Event: 0.015 Loaded shared library C:\Program Files\AdoptOpenJDK\jdk-11.0.8.10-hotspot\bin\zip.dll


Dynamic libraries:
0x00007ff6ec330000 - 0x00007ff6ec33d000 	C:\Program Files\AdoptOpenJDK\jdk-11.0.8.10-hotspot\bin\javaw.exe
0x00007fffa6c30000 - 0x00007fffa6e25000 	C:\WINDOWS\SYSTEM32\ntdll.dll
0x00007fffa5f40000 - 0x00007fffa5ffd000 	C:\WINDOWS\System32\KERNEL32.DLL
0x00007fffa4870000 - 0x00007fffa4b37000 	C:\WINDOWS\System32\KERNELBASE.dll
0x00007fff7c4f0000 - 0x00007fff7c5c4000 	C:\Program Files\Bitdefender\Bitdefender Security\atcuf\264751382081855195\atcuf64.dll
0x00007fffa4370000 - 0x00007fffa4470000 	C:\WINDOWS\System32\ucrtbase.dll
0x00007fff8e330000 - 0x00007fff8e347000 	C:\Program Files\AdoptOpenJDK\jdk-11.0.8.10-hotspot\bin\jli.dll
0x00007fffa5010000 - 0x00007fffa51b0000 	C:\WINDOWS\System32\USER32.dll
0x00007fffa4840000 - 0x00007fffa4862000 	C:\WINDOWS\System32\win32u.dll
0x00007fffa5b30000 - 0x00007fffa5b5a000 	C:\WINDOWS\System32\GDI32.dll
0x00007fffa4470000 - 0x00007fffa4579000 	C:\WINDOWS\System32\gdi32full.dll
0x00007fffa4b70000 - 0x00007fffa4c0d000 	C:\WINDOWS\System32\msvcp_win.dll
0x00007fff8e0c0000 - 0x00007fff8e0d5000 	C:\Program Files\AdoptOpenJDK\jdk-11.0.8.10-hotspot\bin\VCRUNTIME140.dll
0x00007fff90ce0000 - 0x00007fff90f7b000 	C:\WINDOWS\WinSxS\amd64_microsoft.windows.common-controls_6595b64144ccf1df_6.0.19041.488_none_ca04af081b815d21\COMCTL32.dll
0x00007fffa52e0000 - 0x00007fffa537e000 	C:\WINDOWS\System32\msvcrt.dll
0x00007fffa5920000 - 0x00007fffa5950000 	C:\WINDOWS\System32\IMM32.DLL
0x00007fff8dac0000 - 0x00007fff8db5b000 	C:\Program Files\AdoptOpenJDK\jdk-11.0.8.10-hotspot\bin\msvcp140.dll
0x00007fff5a930000 - 0x00007fff5b3ed000 	C:\Program Files\AdoptOpenJDK\jdk-11.0.8.10-hotspot\bin\server\jvm.dll
0x00007fffa5a60000 - 0x00007fffa5b0a000 	C:\WINDOWS\System32\ADVAPI32.dll
0x00007fffa5c90000 - 0x00007fffa5d2b000 	C:\WINDOWS\System32\sechost.dll
0x00007fffa6000000 - 0x00007fffa6124000 	C:\WINDOWS\System32\RPCRT4.dll
0x00007fffa5b20000 - 0x00007fffa5b28000 	C:\WINDOWS\System32\PSAPI.DLL
0x00007fffa0000000 - 0x00007fffa0009000 	C:\WINDOWS\SYSTEM32\WSOCK32.dll
0x00007fffa4c90000 - 0x00007fffa4cfb000 	C:\WINDOWS\System32\WS2_32.dll
0x00007fff9e920000 - 0x00007fff9e947000 	C:\WINDOWS\SYSTEM32\WINMM.dll
0x00007fff9df60000 - 0x00007fff9df6a000 	C:\WINDOWS\SYSTEM32\VERSION.dll
0x00007fffa22f0000 - 0x00007fffa2303000 	C:\WINDOWS\SYSTEM32\kernel.appcore.dll
0x00007fff9e8e0000 - 0x00007fff9e8f0000 	C:\Program Files\AdoptOpenJDK\jdk-11.0.8.10-hotspot\bin\verify.dll
0x00007fff9bd60000 - 0x00007fff9bf44000 	C:\WINDOWS\SYSTEM32\DBGHELP.DLL
0x00007fff96420000 - 0x00007fff9644c000 	C:\WINDOWS\SYSTEM32\dbgcore.DLL
0x00007fffa4c10000 - 0x00007fffa4c8f000 	C:\WINDOWS\System32\bcryptPrimitives.dll
0x00007fff94ab0000 - 0x00007fff94ad8000 	C:\Program Files\AdoptOpenJDK\jdk-11.0.8.10-hotspot\bin\java.dll
0x00007fff9da50000 - 0x00007fff9da5a000 	C:\Program Files\AdoptOpenJDK\jdk-11.0.8.10-hotspot\bin\jimage.dll
0x00007fff95ed0000 - 0x00007fff95ee7000 	C:\Program Files\AdoptOpenJDK\jdk-11.0.8.10-hotspot\bin\zip.dll

dbghelp: loaded successfully - version: 4.0.5 - missing functions: none
symbol engine: initialized successfully - sym options: 0x614 - pdb path: .;C:\Program Files\AdoptOpenJDK\jdk-11.0.8.10-hotspot\bin;C:\WINDOWS\SYSTEM32;C:\Program Files\Bitdefender\Bitdefender Security\atcuf\264751382081855195;C:\WINDOWS\WinSxS\amd64_microsoft.windows.common-controls_6595b64144ccf1df_6.0.19041.488_none_ca04af081b815d21;C:\Program Files\AdoptOpenJDK\jdk-11.0.8.10-hotspot\bin\server

VM Arguments:
jvm_args: -Dfile.encoding=Cp1252 
java_command: Game.GameMain
java_class_path (initial): D:\Uni\Uni\Uni\Media Systems\Semester 3\Programmieren 2\Code\PR2_Jan_Torge_Schneider_2307342\bin;C:\Users\IT Torge\.p2\pool\plugins\org.junit.jupiter.api_5.6.0.v20200203-2009.jar;C:\Users\IT Torge\.p2\pool\plugins\org.junit.jupiter.engine_5.6.0.v20200203-2009.jar;C:\Users\IT Torge\.p2\pool\plugins\org.junit.jupiter.migrationsupport_5.6.0.v20200203-2009.jar;C:\Users\IT Torge\.p2\pool\plugins\org.junit.jupiter.params_5.6.0.v20200203-2009.jar;C:\Users\IT Torge\.p2\pool\plugins\org.junit.platform.commons_1.6.0.v20200203-2009.jar;C:\Users\IT Torge\.p2\pool\plugins\org.junit.platform.engine_1.6.0.v20200203-2009.jar;C:\Users\IT Torge\.p2\pool\plugins\org.junit.platform.launcher_1.6.0.v20200203-2009.jar;C:\Users\IT Torge\.p2\pool\plugins\org.junit.platform.runner_1.6.0.v20200203-2009.jar;C:\Users\IT Torge\.p2\pool\plugins\org.junit.platform.suite.api_1.6.0.v20200203-2009.jar;C:\Users\IT Torge\.p2\pool\plugins\org.junit.vintage.engine_5.6.0.v20200203-2009.jar;C:\Users\IT Torge\.p2\pool\plugins\org.opentest4j_1.2.0.v20190826-0900.jar;C:\Users\IT Torge\.p2\pool\plugins\org.apiguardian_1.1.0.v20190826-0900.jar;C:\Users\IT Torge\.p2\pool\plugins\org.junit_4.13.0.v20200204-1500.jar;C:\Users\IT Torge\.p2\pool\plugins\org.hamcrest.core_1.3.0.v20180420-1519.jar
Launcher Type: SUN_STANDARD

[Global flags]
     intx CICompilerCount                          = 3                                         {product} {ergonomic}
     uint ConcGCThreads                            = 1                                         {product} {ergonomic}
     uint G1ConcRefinementThreads                  = 4                                         {product} {ergonomic}
   size_t G1HeapRegionSize                         = 1048576                                   {product} {ergonomic}
    uintx GCDrainStackTargetSize                   = 64                                        {product} {ergonomic}
   size_t InitialHeapSize                          = 134217728                                 {product} {ergonomic}
   size_t MarkStackSize                            = 4194304                                   {product} {ergonomic}
   size_t MaxHeapSize                              = 2147483648                                {product} {ergonomic}
   size_t MinHeapDeltaBytes                        = 1048576                                   {product} {ergonomic}
    uintx NonNMethodCodeHeapSize                   = 5830732                                {pd product} {ergonomic}
    uintx NonProfiledCodeHeapSize                  = 122913754                              {pd product} {ergonomic}
    uintx ProfiledCodeHeapSize                     = 122913754                              {pd product} {ergonomic}
    uintx ReservedCodeCacheSize                    = 251658240                              {pd product} {ergonomic}
     bool SegmentedCodeCache                       = true                                      {product} {ergonomic}
     bool UseCompressedClassPointers               = true                                 {lp64_product} {ergonomic}
     bool UseCompressedOops                        = true                                 {lp64_product} {ergonomic}
     bool UseG1GC                                  = true                                      {product} {ergonomic}
     bool UseLargePagesIndividualAllocation        = false                                  {pd product} {ergonomic}

Logging:
Log output configuration:
 #0: stdout all=warning uptime,level,tags
 #1: stderr all=off uptime,level,tags

Environment Variables:
PATH=C:/Program Files/AdoptOpenJDK/jdk-11.0.8.10-hotspot/bin/client;C:/Program Files/AdoptOpenJDK/jdk-11.0.8.10-hotspot/bin;C:\Program Files\AdoptOpenJDK\jdk-11.0.8.10-hotspot\bin;C:\Program Files\Common Files\Oracle\Java\javapath;C:\Program Files (x86)\Common Files\Oracle\Java\javapath;C:\WINDOWS\system32;C:\WINDOWS;C:\WINDOWS\System32\Wbem;C:\WINDOWS\System32\WindowsPowerShell\v1.0\;C:\WINDOWS\System32\OpenSSH\;C:\Program Files (x86)\ATI Technologies\ATI.ACE\Core-Static;G:\GitHub\Git\cmd;C:\Program Files (x86)\Windows Live\Shared;G:\Python\Scripts\;G:\Python\;C:\Users\IT Torge\AppData\Local\Microsoft\WindowsApps;;G:\Visual Studio Code\Microsoft VS Code\bin;C:\WINDOWS\System32;
USERNAME=IT Torge
OS=Windows_NT
PROCESSOR_IDENTIFIER=AMD64 Family 16 Model 5 Stepping 3, AuthenticAMD



---------------  S Y S T E M  ---------------

OS: Windows 10 , 64 bit Build 19041 (10.0.19041.292)
OS uptime: 3 days 20:01 hours

CPU:total 4 (initial active 4) (4 cores per cpu, 1 threads per core) family 16 model 5 stepping 3, cmov, cx8, fxsr, mmx, sse, sse2, sse3, popcnt, mmxext, 3dnowpref, lzcnt, sse4a, tsc, tscinvbit, tscinv

Memory: 4k page, system-wide physical 8190M (2814M free)
TotalPageFile size 12190M (AvailPageFile size 5M)
current process WorkingSet (physical memory assigned to process): 10M, peak: 10M
current process commit charge ("private bytes"): 49M, peak: 50M

vm_info: OpenJDK 64-Bit Server VM (11.0.8+10) for windows-amd64 JRE (11.0.8+10), built on Jul 15 2020 11:45:54 by "" with MS VC++ 15.9 (VS2017)

END.
